>C:\Programs\ghdl\lib/ghdl\std\v08\
../../src/std/textio.v08
>C:\Programs\ghdl\lib/ghdl\std\v08\
../../src/std/textio_body.v08
>C:\Programs\ghdl\lib/ghdl\synopsys\v08\
../../src/ieee2008/std_logic_1164.vhdl
>C:\Programs\ghdl\lib/ghdl\synopsys\v08\
../../src/ieee2008/std_logic_1164-body.vhdl
>C:\Programs\ghdl\lib/ghdl\synopsys\v08\
../../src/ieee2008/numeric_std.vhdl
>C:\Programs\ghdl\lib/ghdl\synopsys\v08\
../../src/ieee2008/numeric_std-body.vhdl
>C:\Programs\ghdl\lib/ghdl\synopsys\v08\
../../src/ieee2008/std_logic_textio.vhdl
>C:\Programs\ghdl\lib/ghdl\synopsys\v08\
../../src/synopsys/std_logic_arith.vhdl
>C:\Programs\ghdl\lib/ghdl\synopsys\v08\
../../src/synopsys/std_logic_unsigned.vhdl
>
spi3w_ads7056_driver_tb.vhd
>
spi3w_ads7056_driver.vhd
