Running in Lattice mode

Starting:    C:\Programs\diamond\diamond\3.10_x64\synpbase\bin64\mbin\synbatch.exe
Install:     C:\Programs\diamond\diamond\3.10_x64\synpbase
Hostname:    JARI-PELIKONE
Date:        Sat May 18 08:57:36 2019
Version:     M-2017.03L-SP1-1

Arguments:   -product synplify_pro -batch C:/Users/Jari/mycodeprojects/tube_psu/lfe5u/ecp5u_specifics/ecp5_ip_components/main_pll/syn_results/main_pll.prj
ProductType: synplify_pro




log file: "C:\Users\Jari\mycodeprojects\tube_psu\lfe5u\ecp5u_specifics\ecp5_ip_components\main_pll\syn_results\main_pll.srr"
Running: syn_results in foreground

Running main_pll|syn_results

Running: compile (Compile) on main_pll|syn_results
# Sat May 18 08:57:36 2019

Running: compile_flow (Compile Process) on main_pll|syn_results
# Sat May 18 08:57:36 2019

Running: compiler (Compile Input) on main_pll|syn_results
# Sat May 18 08:57:36 2019
Copied C:\Users\Jari\mycodeprojects\tube_psu\lfe5u\ecp5u_specifics\ecp5_ip_components\main_pll\syn_results\synwork\main_pll_comp.srs to C:\Users\Jari\mycodeprojects\tube_psu\lfe5u\ecp5u_specifics\ecp5_ip_components\main_pll\syn_results\main_pll.srs

compiler completed
# Sat May 18 08:57:38 2019

Return Code: 0
Run Time:00h:00m:02s

Running: multi_srs_gen (Multi-srs Generator) on main_pll|syn_results
# Sat May 18 08:57:38 2019

multi_srs_gen completed
# Sat May 18 08:57:38 2019

Return Code: 0
Run Time:00h:00m:00s
Copied C:\Users\Jari\mycodeprojects\tube_psu\lfe5u\ecp5u_specifics\ecp5_ip_components\main_pll\syn_results\synwork\main_pll_mult.srs to C:\Users\Jari\mycodeprojects\tube_psu\lfe5u\ecp5u_specifics\ecp5_ip_components\main_pll\syn_results\main_pll.srs
Copied C:\Users\Jari\mycodeprojects\tube_psu\lfe5u\ecp5u_specifics\ecp5_ip_components\main_pll\syn_results\main_pll.srr to C:\Users\Jari\mycodeprojects\tube_psu\lfe5u\ecp5u_specifics\ecp5_ip_components\main_pll\syn_results\main_pll.srf
Complete: Compile Process on main_pll|syn_results

Running: premap (Pre-mapping) on main_pll|syn_results
# Sat May 18 08:57:38 2019

premap completed
# Sat May 18 08:57:38 2019

Return Code: 0
Run Time:00h:00m:00s
Complete: Compile on main_pll|syn_results

Running: map (Map) on main_pll|syn_results
# Sat May 18 08:57:38 2019
License granted for 4 parallel jobs

Running: fpga_mapper (Map & Optimize) on main_pll|syn_results
# Sat May 18 08:57:38 2019
Copied C:\Users\Jari\mycodeprojects\tube_psu\lfe5u\ecp5u_specifics\ecp5_ip_components\main_pll\syn_results\synwork\main_pll_m.srm to C:\Users\Jari\mycodeprojects\tube_psu\lfe5u\ecp5u_specifics\ecp5_ip_components\main_pll\syn_results\main_pll.srm

fpga_mapper completed with warnings
# Sat May 18 08:57:40 2019

Return Code: 1
Run Time:00h:00m:02s
Complete: Map on main_pll|syn_results
Copied C:\Users\Jari\mycodeprojects\tube_psu\lfe5u\ecp5u_specifics\ecp5_ip_components\main_pll\syn_results\main_pll.srr to C:\Users\Jari\mycodeprojects\tube_psu\lfe5u\ecp5u_specifics\ecp5_ip_components\main_pll\syn_results\main_pll.srf
Complete: Logic Synthesis on main_pll|syn_results
exit status=0
exit status=0
